<?xml version="1.0" encoding="UTF-8"?>
<!-- Generated by org.testng.reporters.JUnitReportReporter -->
<testsuite hostname="ATULISHWAR" failures="0" tests="4" name="api.testcases.UserTest2" time="6.921" errors="0" timestamp="2023-09-11T17:45:31 IST" skipped="0">
  <testcase classname="api.testcases.UserTest2" name="testCreateUser" time="1.384"/>
  <system-out/>
  <testcase classname="api.testcases.UserTest2" name="testGetUserData" time="1.382"/>
  <system-out/>
  <testcase classname="api.testcases.UserTest2" name="testUpdateUser" time="2.805"/>
  <system-out/>
  <testcase classname="api.testcases.UserTest2" name="testDeleteUser" time="1.350"/>
  <system-out/>
</testsuite> <!-- api.testcases.UserTest2 -->
