<?xml version="1.0" encoding="UTF-8"?>
<!-- Generated by org.testng.reporters.JUnitReportReporter -->
<testsuite hostname="ATULISHWAR" failures="0" tests="4" name="api.testcases.UserTest" time="9.254" errors="0" timestamp="2023-09-11T17:45:31 IST" skipped="0">
  <testcase classname="api.testcases.UserTest" name="testCreateUser" time="3.659"/>
  <system-out/>
  <testcase classname="api.testcases.UserTest" name="testGetUserData" time="1.451"/>
  <system-out/>
  <testcase classname="api.testcases.UserTest" name="testUpdateUser" time="2.751"/>
  <system-out/>
  <testcase classname="api.testcases.UserTest" name="testDeleteUser" time="1.393"/>
  <system-out/>
</testsuite> <!-- api.testcases.UserTest -->
